<?xml version="1.0" encoding="UTF-8"?>
<!-- Generated by org.testng.reporters.JUnitReportReporter -->
<testsuite hostname="CSQQ0B3" failures="0" tests="3" name="test.HomeLoan" time="0.007" errors="0" timestamp="2021-08-09T11:07:17 IST" skipped="0">
  <testcase classname="test.HomeLoan" name="webLoginHomeLoan" time="0.002"/>
  <system-out/>
  <testcase classname="test.HomeLoan" name="apiLoginHomeLoan" time="0.004"/>
  <system-out/>
  <testcase classname="test.HomeLoan" name="mobileLoginHomeLoan" time="0.001"/>
  <system-out/>
</testsuite> <!-- test.HomeLoan -->
