<?xml version="1.0" encoding="UTF-8"?>
<!-- Generated by org.testng.reporters.JUnitReportReporter -->
<testsuite hostname="CSQQ0B3" failures="0" tests="3" name="test.CarLoan" time="0.003" errors="0" timestamp="2021-08-09T11:07:17 IST" skipped="1">
  <testcase classname="test.CarLoan" name="webLoginCarLoan" time="0.002"/>
  <system-out/>
  <testcase classname="test.CarLoan" name="apiLoginCarLoan" time="0.001"/>
  <system-out/>
  <testcase classname="test.CarLoan" name="signInCarLoan">
    <skipped/>
  </testcase> <!-- signInCarLoan -->
  <system-out/>
</testsuite> <!-- test.CarLoan -->
